[Wed. 01 Mar. 2023 12:45:34 ] - An error occured while executing the command.
[Wed. 01 Mar. 2023 12:46:25 ] - An error occured while executing the command.
[Wed. 01 Mar. 2023 12:47:11 ] - An error occured while executing the command.
[Wed. 01 Mar. 2023 12:48:31 ] - An error occured while executing the command.
[Wed. 01 Mar. 2023 12:49:48 ] - [Errno 2] No such file or directory: 'credentials.json'
[Wed. 01 Mar. 2023 12:50:41 ] - [Errno 2] No such file or directory: 'credentials.json'
[Wed. 01 Mar. 2023 12:52:51 ] - [Errno 2] No such file or directory: 'credentials.json'
[Wed. 01 Mar. 2023 12:57:37 ] - Json file has been saved.
[Wed. 01 Mar. 2023 12:59:29 ] - Json file has been saved.
[Wed. 01 Mar. 2023 13:03:26 ] - [Errno 2] No such file or directory: 'credentials.json'
[Wed. 01 Mar. 2023 13:05:12 ] - Json file has been saved.
[Wed. 01 Mar. 2023 13:06:50 ] - Json file has been saved.
[Wed. 01 Mar. 2023 13:07:17 ] - Json file has been saved.
[Wed. 01 Mar. 2023 13:10:06 ] - Json file has been saved.
[Wed. 01 Mar. 2023 13:11:54 ] - Json file has been saved.
[Wed. 01 Mar. 2023 13:11:54 ] - Json file has been emptied.
[Wed. 01 Mar. 2023 13:12:07 ] - Json file has been saved.
[Wed. 01 Mar. 2023 13:13:11 ] - [Errno -100] No file found with the name 01032023
[Wed. 01 Mar. 2023 13:14:03 ] - [Errno -100] No file found with the name 01032023
[Wed. 01 Mar. 2023 13:14:42 ] - Json file has been saved.
[Wed. 01 Mar. 2023 13:19:21 ] - Json file has been saved.
[Wed. 01 Mar. 2023 13:19:32 ] - Json file has been saved.
[Wed. 01 Mar. 2023 13:19:32 ] - Json file has been emptied.
[Wed. 01 Mar. 2023 13:20:02 ] - Json file has been saved.
[Wed. 01 Mar. 2023 13:20:41 ] - Json file has been saved.
[Wed. 01 Mar. 2023 13:30:38 ] - Json file has been saved.
[Wed. 01 Mar. 2023 13:30:41 ] - Json file has been saved.
[Wed. 01 Mar. 2023 13:30:53 ] - Json file has been saved.
[Wed. 01 Mar. 2023 13:30:55 ] - Json file has been saved.
[Wed. 01 Mar. 2023 13:31:08 ] - TitleAlreadyExistsError: [Errno -102] The title Lieu already exists in the sheet
[Thu. 02 Mar. 2023 09:42:06 ] - [Errno -100] No file found with the name 02032023
[Thu. 02 Mar. 2023 09:42:48 ] - [Errno -100] No file found with the name 02032023
[Thu. 02 Mar. 2023 09:43:55 ] - [Errno -100] No file found with the name 02032023
[Thu. 02 Mar. 2023 09:52:36 ] - Json file has been saved.
[Thu. 02 Mar. 2023 09:52:40 ] - Deleted outdated json property: 01032023
[Thu. 02 Mar. 2023 09:52:40 ] - Json file has been saved.
[Thu. 02 Mar. 2023 09:53:04 ] - Json file has been saved.
[Thu. 02 Mar. 2023 09:53:07 ] - Json file has been saved.
[Thu. 02 Mar. 2023 10:01:18 ] - Json file has been saved.
[Thu. 02 Mar. 2023 10:01:21 ] - Json file has been saved.
[Thu. 02 Mar. 2023 21:13:34 ] - Json file has been saved.
[Thu. 02 Mar. 2023 21:13:37 ] - Json file has been saved.
[Thu. 02 Mar. 2023 21:16:13 ] - Json file has been saved.
[Thu. 02 Mar. 2023 21:16:15 ] - Json file has been saved.
[Thu. 02 Mar. 2023 21:17:59 ] - Json file has been saved.
[Thu. 02 Mar. 2023 21:18:01 ] - Json file has been saved.
[Thu. 02 Mar. 2023 21:19:27 ] - Json file has been saved.
[Thu. 02 Mar. 2023 21:19:27 ] - Json file has been emptied.
[Thu. 02 Mar. 2023 21:19:49 ] - Json file has been saved.
[Thu. 02 Mar. 2023 21:19:51 ] - Json file has been saved.
[Thu. 02 Mar. 2023 21:38:46 ] - Json file has been saved.
[Thu. 02 Mar. 2023 21:38:46 ] - [Errno -100] No file found with the name 02032023
[Thu. 02 Mar. 2023 21:39:46 ] - Json file has been saved.
[Thu. 02 Mar. 2023 21:39:48 ] - Json file has been saved.
[Thu. 02 Mar. 2023 21:40:14 ] - Json file has been saved.
[Thu. 02 Mar. 2023 21:40:32 ] - Json file has been saved.
[Thu. 02 Mar. 2023 21:40:34 ] - Json file has been saved.
[Thu. 02 Mar. 2023 21:41:32 ] - Json file has been saved.
[Thu. 02 Mar. 2023 21:41:34 ] - Json file has been saved.
[Thu. 02 Mar. 2023 21:51:21 ] - Json file has been saved.
[Thu. 02 Mar. 2023 21:51:23 ] - Json file has been saved.
[Thu. 02 Mar. 2023 21:54:57 ] - Json file has been saved.
[Thu. 02 Mar. 2023 21:55:00 ] - Json file has been saved.
[Thu. 02 Mar. 2023 21:55:30 ] - Json file has been saved.
[Thu. 02 Mar. 2023 21:55:33 ] - Json file has been saved.
[Thu. 02 Mar. 2023 22:03:56 ] - Json file has been saved.
[Thu. 02 Mar. 2023 22:03:58 ] - Json file has been saved.
[Thu. 02 Mar. 2023 22:04:58 ] - Json file has been saved.
[Thu. 02 Mar. 2023 22:05:01 ] - Json file has been saved.
[Fri. 03 Mar. 2023 09:51:48 ] - Json file has been saved.
[Fri. 03 Mar. 2023 09:51:53 ] - Deleted outdated json property: 02032023
[Fri. 03 Mar. 2023 09:51:53 ] - Json file has been saved.
