[Tue. 28 Feb. 2023 23:12:20 ] - Json file has been saved.
[Tue. 28 Feb. 2023 23:13:57 ] - Json file has been saved.
[Tue. 28 Feb. 2023 23:16:24 ] - Json file has been saved.
[Tue. 28 Feb. 2023 23:17:12 ] - Json file has been saved.
[Tue. 28 Feb. 2023 23:19:12 ] - Json file has been saved.
[Tue. 28 Feb. 2023 23:19:12 ] - Json file has been emptied.
[Tue. 28 Feb. 2023 23:21:35 ] - Json file has been saved.
[Wed. 01 Mar. 2023 09:49:22 ] - An error occured while executing the command.
[Wed. 01 Mar. 2023 09:50:49 ] - [Errno -100] No file found with the name 01032023
[Wed. 01 Mar. 2023 09:50:55 ] - [Errno -100] No file found with the name 01032023
[Wed. 01 Mar. 2023 09:53:48 ] - [Errno -100] No file found with the name 01032023
[Wed. 01 Mar. 2023 09:54:16 ] - [Errno -100] No file found with the name 01032023
[Wed. 01 Mar. 2023 09:55:34 ] - ColonFormatError.__init__() missing 1 required positional argument: 'message'
[Wed. 01 Mar. 2023 09:57:18 ] - TitleAlreadyExistsError: [Errno -102] The title Lieu already exists in the sheet
[Wed. 01 Mar. 2023 09:58:11 ] - TitleAlreadyExistsError: [Errno -102] The title Lieu already exists in the sheet
[Wed. 01 Mar. 2023 09:58:58 ] - TitleAlreadyExistsError: [Errno -102] The title Lieu already exists in the sheet
[Wed. 01 Mar. 2023 10:00:52 ] - TitleAlreadyExistsError: [Errno -102] The title Lieu already exists in the sheet
[Wed. 01 Mar. 2023 10:01:23 ] - Deleted outdated json property: 28022023
[Wed. 01 Mar. 2023 10:01:26 ] - TitleAlreadyExistsError: [Errno -102] The title Lieu already exists in the sheet
[Wed. 01 Mar. 2023 10:02:33 ] - Deleted outdated json property: 28022023
[Wed. 01 Mar. 2023 10:06:55 ] - Deleted outdated json property: 28022023
[Wed. 01 Mar. 2023 10:08:48 ] - Deleted outdated json property: 28022023
[Wed. 01 Mar. 2023 10:11:42 ] - Deleted outdated json property: 28022023
[Wed. 01 Mar. 2023 10:13:16 ] - Deleted outdated json property: 28022023
[Wed. 01 Mar. 2023 10:14:25 ] - Deleted outdated json property: 28022023
[Wed. 01 Mar. 2023 10:14:28 ] - Json file has been saved.
[Wed. 01 Mar. 2023 10:16:21 ] - Json file has been saved.
[Wed. 01 Mar. 2023 10:17:42 ] - Json file has been saved.
[Wed. 01 Mar. 2023 10:19:38 ] - Json file has been saved.
[Wed. 01 Mar. 2023 10:21:58 ] - Json file has been saved.
[Wed. 01 Mar. 2023 10:34:19 ] - Deleted outdated json property: 28022023
[Wed. 01 Mar. 2023 10:34:22 ] - Json file has been saved.
[Wed. 01 Mar. 2023 11:16:41 ] - Json file has been saved.
[Wed. 01 Mar. 2023 11:17:14 ] - Json file has been saved.
[Wed. 01 Mar. 2023 11:18:13 ] - Json file has been saved.
[Wed. 01 Mar. 2023 11:18:28 ] - Json file has been saved.
[Wed. 01 Mar. 2023 11:18:28 ] - Json file has been emptied.
[Wed. 01 Mar. 2023 13:22:39 ] -  
[Wed. 01 Mar. 2023 13:22:39 ] - Shell for Sheet Manager
[Wed. 01 Mar. 2023 13:22:39 ] - Usage: python main.py [command]
[Wed. 01 Mar. 2023 13:22:39 ] - Commands:
[Wed. 01 Mar. 2023 13:22:39 ] -   - load: Load and format the Google Sheet and create the json file.
[Wed. 01 Mar. 2023 13:22:39 ] -   - refresh: Refresh the json file with the data from the Google Sheet.
[Wed. 01 Mar. 2023 13:22:39 ] -   - clear: Clear the json file.
[Wed. 01 Mar. 2023 13:22:39 ] -   - add [column_name] [column_index] : Add a column to the Google Sheet.
[Wed. 01 Mar. 2023 13:22:39 ] -   - resize: Resize the columns of the Google Sheet.
[Wed. 01 Mar. 2023 13:22:39 ] -   - help: Display this message.
[Wed. 01 Mar. 2023 13:22:39 ] -  
[Wed. 01 Mar. 2023 13:23:39 ] -  
[Wed. 01 Mar. 2023 13:23:39 ] - Shell for Sheet Manager
[Wed. 01 Mar. 2023 13:23:39 ] - Usage: python main.py [command]
[Wed. 01 Mar. 2023 13:23:39 ] - Commands:
[Wed. 01 Mar. 2023 13:23:39 ] -   - load: Load and format the Google Sheet and create the json file.
[Wed. 01 Mar. 2023 13:23:39 ] -   - refresh: Refresh the json file with the data from the Google Sheet.
[Wed. 01 Mar. 2023 13:23:39 ] -   - clear: Clear the json file.
[Wed. 01 Mar. 2023 13:23:39 ] -   - add [column_name] [column_index] : Add a column to the Google Sheet.
[Wed. 01 Mar. 2023 13:23:39 ] -   - resize: Resize the columns of the Google Sheet.
[Wed. 01 Mar. 2023 13:23:39 ] -   - help: Display this message.
[Wed. 01 Mar. 2023 13:23:39 ] -  
[Wed. 01 Mar. 2023 13:24:18 ] -  
[Wed. 01 Mar. 2023 13:24:18 ] - Shell for Sheet Manager
[Wed. 01 Mar. 2023 13:24:18 ] - Usage: python main.py [command]
[Wed. 01 Mar. 2023 13:24:18 ] - Commands:
[Wed. 01 Mar. 2023 13:24:18 ] -   - load: Load and format the Google Sheet and create the json file.
[Wed. 01 Mar. 2023 13:24:18 ] -   - refresh: Refresh the json file with the data from the Google Sheet.
[Wed. 01 Mar. 2023 13:24:18 ] -   - clear: Clear the json file.
[Wed. 01 Mar. 2023 13:24:18 ] -   - add [column_name] [column_index] : Add a column to the Google Sheet.
[Wed. 01 Mar. 2023 13:24:18 ] -   - resize: Resize the columns of the Google Sheet.
[Wed. 01 Mar. 2023 13:24:18 ] -   - help: Display this message.
[Wed. 01 Mar. 2023 13:24:18 ] -  
[Wed. 01 Mar. 2023 13:24:44 ] - Json file has been saved.
[Wed. 01 Mar. 2023 13:25:20 ] - Json file has been saved.
[Wed. 01 Mar. 2023 13:25:35 ] - Json file has been saved.
[Wed. 01 Mar. 2023 13:26:49 ] - Json file has been saved.
[Wed. 01 Mar. 2023 13:27:51 ] - Json file has been saved.
[Wed. 01 Mar. 2023 13:28:52 ] - Json file has been saved.
[Wed. 01 Mar. 2023 13:28:54 ] - Json file has been saved.
[Wed. 01 Mar. 2023 13:29:04 ] - Json file has been saved.
[Wed. 01 Mar. 2023 13:29:06 ] - Json file has been saved.
[Wed. 01 Mar. 2023 13:29:26 ] - Json file has been saved.
[Wed. 01 Mar. 2023 13:29:28 ] - Json file has been saved.
